Info: Using uarch 'gatemate' for device 'CCGM1A1'
Info: Using timing mode 'WORST'.
Info: Using performance mode 'SPEED'.

Info: Detected regions..
Info:     top pll_inst pll125
Info:     top rgmii_if_inst gen_rx_data[0].rx_data_ibuf
Info:     top rgmii_if_inst gen_rx_data[0].rx_data_iddr
Info:     top rgmii_if_inst gen_rx_data[1].rx_data_ibuf
Info:     top rgmii_if_inst gen_rx_data[1].rx_data_iddr
Info:     top rgmii_if_inst gen_rx_data[2].rx_data_ibuf
Info:     top rgmii_if_inst gen_rx_data[2].rx_data_iddr
Info:     top rgmii_if_inst gen_rx_data[3].rx_data_ibuf
Info:     top rgmii_if_inst gen_rx_data[3].rx_data_iddr
Info:     top rgmii_if_inst gen_tx_data[0].tx_data_obuf
Info:     top rgmii_if_inst gen_tx_data[0].tx_data_oddr
Info:     top rgmii_if_inst gen_tx_data[1].tx_data_obuf
Info:     top rgmii_if_inst gen_tx_data[1].tx_data_oddr
Info:     top rgmii_if_inst gen_tx_data[2].tx_data_obuf
Info:     top rgmii_if_inst gen_tx_data[2].tx_data_oddr
Info:     top rgmii_if_inst gen_tx_data[3].tx_data_obuf
Info:     top rgmii_if_inst gen_tx_data[3].tx_data_oddr
Info:     top rgmii_if_inst rx_ctl_ibuf
Info:     top rgmii_if_inst rx_ctl_iddr
Info:     top rgmii_if_inst tx_clk_obuf
Info:     top rgmii_if_inst tx_ctl_obuf
Info:     top rgmii_if_inst tx_ctl_oddr
Info:     top
Info: Parsing CCF file..
Info: Assign cell region based on attributes..
Info: Packing constants..
Info: Running cleanups..
Info: Packing IOs..
Info:     Constraining 'rgmii_if_inst.tx_ctl_obuf' to pad 'IO_EB_A2'.
Info:     Constraining 'rgmii_if_inst.tx_clk_obuf' to pad 'IO_EB_B2'.
Warning: Removing unsupported parameter 'SLEW' for type 'CC_IBUF'.
Info:     Constraining 'rgmii_if_inst.rx_ctl_ibuf' to pad 'IO_EB_A8'.
Info:     Constraining 'rgmii_if_inst.gen_tx_data[3].tx_data_obuf' to pad 'IO_EB_A4'.
Info:     Constraining 'rgmii_if_inst.gen_tx_data[2].tx_data_obuf' to pad 'IO_EB_B4'.
Info:     Constraining 'rgmii_if_inst.gen_tx_data[1].tx_data_obuf' to pad 'IO_EB_A5'.
Info:     Constraining 'rgmii_if_inst.gen_tx_data[0].tx_data_obuf' to pad 'IO_EB_B5'.
Warning: Removing unsupported parameter 'SLEW' for type 'CC_IBUF'.
Info:     Constraining 'rgmii_if_inst.gen_rx_data[3].rx_data_ibuf' to pad 'IO_EB_B1'.
Warning: Removing unsupported parameter 'SLEW' for type 'CC_IBUF'.
Info:     Constraining 'rgmii_if_inst.gen_rx_data[2].rx_data_ibuf' to pad 'IO_EB_A1'.
Warning: Removing unsupported parameter 'SLEW' for type 'CC_IBUF'.
Info:     Constraining 'rgmii_if_inst.gen_rx_data[1].rx_data_ibuf' to pad 'IO_EB_B0'.
Warning: Removing unsupported parameter 'SLEW' for type 'CC_IBUF'.
Info:     Constraining 'rgmii_if_inst.gen_rx_data[0].rx_data_ibuf' to pad 'IO_EB_A0'.
Info:     Constraining '$iopadmap$fpga.uart_tx' to pad 'IO_NA_A4'.
Info:     Constraining '$iopadmap$fpga.uart_rx' to pad 'IO_NA_B4'.
Info:     Constraining '$iopadmap$fpga.led_7' to pad 'IO_SB_A3'.
Info:     Constraining '$iopadmap$fpga.led_6' to pad 'IO_SB_B3'.
Info:     Constraining '$iopadmap$fpga.led_5' to pad 'IO_SB_A2'.
Info:     Constraining '$iopadmap$fpga.led_4' to pad 'IO_SB_B2'.
Info:     Constraining '$iopadmap$fpga.led_3' to pad 'IO_SB_B1'.
Info:     Constraining '$iopadmap$fpga.led_2' to pad 'IO_SB_A1'.
Info:     Constraining '$iopadmap$fpga.led_1' to pad 'IO_SB_B0'.
Info:     Constraining '$iopadmap$fpga.led' to pad 'IO_SB_A0'.
Info:     Constraining '$iopadmap$fpga.eth_rx_clk' to pad 'IO_EB_A7'.
Info:     Constraining '$iopadmap$fpga.eth_rst_n' to pad 'IO_EB_B3'.
Info:     Constraining '$iopadmap$fpga.eth_mdio[0]' to pad 'IO_EB_A6'.
Info:     Constraining '$iopadmap$fpga.eth_mdc' to pad 'IO_EB_B6'.
Info:     Constraining '$iopadmap$fpga.clk_25mhz' to pad 'IO_SB_A8'.
Info:     Constraining '$iopadmap$fpga.btn_2' to pad 'IO_EA_B3'.
Info:     Constraining '$iopadmap$fpga.btn_1' to pad 'IO_EA_A4'.
Info:     Constraining '$iopadmap$fpga.btn' to pad 'IO_EA_B4'.
Info: Insert clocking cells..
Info: Packing PLLs..
Info:     PLL fout= 125.0000 MHz (fout error 0.00000% of requested 125.0000 MHz)
Info: constraining clock net '$auto$clkbufmap.cc:262:execute$82050' to 125.00 MHz
Info: constraining clock net 'clk_125_90' to 125.00 MHz
Info: Sort BUFGs..
Info: Packing BUFGs..
Info: Packing IO SELs..
Info: Packing misc..
Info: Packing RAMs..
Info: Packing SERDES..
Info: Packing multipliers...
Info: Packing ADDFs..
Info: Packing CPEs..
Info: Removing unused constants..
Info:     Removed unused VCC cell.
Info:     Removed unused GND cell.
Info: Fix cell assigned regions..
Info: Checksum: 0x858fdf92

Info: Device utilisation:
Info: 	            USR_RSTN:       1/      1   100%
Info: 	            CPE_COMP:       0/  20480     0%
Info: 	         CPE_CPLINES:      77/  20480     0%
Info: 	               IOSEL:      29/    162    17%
Info: 	                GPIO:      29/    162    17%
Info: 	               CLKIN:       1/      1   100%
Info: 	              GLBOUT:       1/      1   100%
Info: 	                 PLL:       1/      4    25%
Info: 	            CFG_CTRL:       0/      1     0%
Info: 	              SERDES:       0/      1     0%
Info: 	              CPE_LT:    8637/  40960    21%
Info: 	              CPE_FF:    3292/  40960     8%
Info: 	           CPE_RAMIO:     218/  40960     0%
Info: 	            RAM_HALF:       3/     64     4%

terminate called after throwing an instance of 'std::out_of_range'
  what():  dict::at()
